\BOOKMARK [0][-]{chapter.1}{\376\377\000C\000o\000n\000t\000e\000n\000t\000s}{}% 1
\BOOKMARK [1][-]{section.1.1}{\376\377\000A\000u\000t\000h\000o\000r\000s\000h\000i\000p\000\040\000\046\000\040\000L\000i\000c\000e\000n\000s\000e\000\040\000I\000n\000f\000o}{chapter.1}% 2
\BOOKMARK [1][-]{section.1.2}{\376\377\000I\000n\000s\000t\000a\000l\000l\000a\000t\000i\000o\000n}{chapter.1}% 3
\BOOKMARK [2][-]{subsection.1.2.1}{\376\377\000A\000n\000a\000c\000o\000n\000d\000a}{section.1.2}% 4
\BOOKMARK [2][-]{subsection.1.2.2}{\376\377\000I\000n\000s\000t\000a\000l\000l\000i\000n\000g\000\040\000D\000e\000p\000e\000n\000d\000e\000n\000c\000i\000e\000s}{section.1.2}% 5
\BOOKMARK [3][-]{subsubsection*.3}{\376\377\000P\000r\000o\000p\000a\000g\000a\000t\000i\000o\000n\000\040\000M\000o\000d\000e\000l\000i\000n\000g\000\040\000M\000e\000t\000h\000o\000d\000s}{subsection.1.2.2}% 6
\BOOKMARK [3][-]{subsubsection*.4}{\376\377\000I\000n\000f\000r\000a\000P\000y\000\040\000S\000i\000g\000n\000a\000l\000\040\000A\000n\000a\000l\000y\000s\000i\000s\000\040\000M\000e\000t\000h\000o\000d\000s}{subsection.1.2.2}% 7
\BOOKMARK [2][-]{subsection.1.2.3}{\376\377\000I\000n\000s\000t\000a\000l\000l\000i\000n\000g\000\040\000s\000t\000o\000c\000h\000p\000r\000o\000p}{section.1.2}% 8
\BOOKMARK [2][-]{subsection.1.2.4}{\376\377\000T\000e\000s\000t\000i\000n\000g\000\040\000s\000t\000o\000c\000h\000p\000r\000o\000p}{section.1.2}% 9
\BOOKMARK [1][-]{section.1.3}{\376\377\000S\000t\000o\000c\000h\000a\000s\000t\000i\000c\000\040\000P\000r\000o\000p\000a\000g\000a\000t\000i\000o\000n\000\040\000A\000n\000a\000l\000y\000s\000i\000s}{chapter.1}% 10
\BOOKMARK [2][-]{subsection.1.3.1}{\376\377\000E\000m\000p\000i\000r\000i\000c\000a\000l\000\040\000O\000r\000t\000h\000o\000g\000o\000n\000a\000l\000\040\000F\000u\000n\000c\000t\000i\000o\000n\000\040\000A\000n\000a\000l\000y\000s\000i\000s}{section.1.3}% 11
\BOOKMARK [2][-]{subsection.1.3.2}{\376\377\000A\000t\000m\000o\000s\000p\000h\000e\000r\000i\000c\000\040\000F\000i\000t\000t\000i\000n\000g\000,\000\040\000S\000a\000m\000p\000l\000i\000n\000g\000,\000\040\000a\000n\000d\000\040\000P\000e\000r\000t\000u\000r\000b\000a\000t\000i\000o\000n}{section.1.3}% 12
\BOOKMARK [2][-]{subsection.1.3.3}{\376\377\000P\000r\000o\000p\000a\000g\000a\000t\000i\000o\000n\000\040\000S\000t\000a\000t\000i\000s\000t\000i\000c\000s}{section.1.3}% 13
\BOOKMARK [2][-]{subsection.1.3.4}{\376\377\000G\000r\000a\000v\000i\000t\000y\000\040\000W\000a\000v\000e\000\040\000P\000e\000r\000t\000u\000r\000b\000a\000t\000i\000o\000n\000s}{section.1.3}% 14
\BOOKMARK [3][-]{subsubsection*.5}{\376\377\000E\000m\000p\000i\000r\000i\000c\000a\000l\000\040\000O\000r\000t\000h\000o\000g\000o\000n\000a\000l\000\040\000F\000u\000n\000c\000t\000i\000o\000n\000\040\000A\000n\000a\000l\000y\000s\000i\000s}{subsection.1.3.4}% 15
\BOOKMARK [4][-]{paragraph*.6}{\376\377\000E\000O\000F\000\040\000m\000e\000t\000h\000o\000d\000s\000\040\000i\000n\000\040\000s\000t\000o\000c\000h\000p\000r\000o\000p}{subsubsection*.5}% 16
\BOOKMARK [5][-]{subparagraph*.7}{\376\377\000L\000o\000a\000d\000\040\000A\000t\000m\000o\000s\000p\000h\000e\000r\000e\000\040\000S\000p\000e\000c\000i\000f\000i\000c\000a\000t\000i\000o\000n\000s}{paragraph*.6}% 17
\BOOKMARK [5][-]{subparagraph*.8}{\376\377\000C\000o\000m\000p\000u\000t\000i\000n\000g\000\040\000E\000O\000F\000s}{paragraph*.6}% 18
\BOOKMARK [5][-]{subparagraph*.9}{\376\377\000C\000o\000m\000p\000u\000t\000e\000\040\000C\000o\000e\000f\000f\000i\000c\000i\000e\000n\000t\000s\000\040\000a\000n\000d\000\040\000D\000e\000t\000e\000r\000m\000i\000n\000e\000\040\000S\000e\000a\000s\000o\000n\000a\000l\000i\000t\000y}{paragraph*.6}% 19
\BOOKMARK [5][-]{subparagraph*.10}{\376\377\000C\000o\000m\000m\000a\000n\000d\000\040\000L\000i\000n\000e\000\040\000i\000n\000t\000e\000r\000f\000a\000c\000e}{paragraph*.6}% 20
\BOOKMARK [3][-]{subsubsection*.11}{\376\377\000A\000t\000m\000o\000s\000p\000h\000e\000r\000i\000c\000\040\000F\000i\000t\000t\000i\000n\000g\000,\000\040\000S\000a\000m\000p\000l\000i\000n\000g\000,\000\040\000a\000n\000d\000\040\000P\000e\000r\000t\000u\000r\000b\000a\000t\000i\000o\000n}{subsection.1.3.4}% 21
\BOOKMARK [4][-]{paragraph*.12}{\376\377\000F\000i\000t\000t\000i\000n\000g\000\040\000a\000n\000\040\000A\000t\000m\000o\000s\000p\000h\000e\000r\000i\000c\000\040\000S\000p\000e\000c\000i\000f\000i\000c\000a\000t\000i\000o\000n\000\040\000u\000s\000i\000n\000g\000\040\000E\000O\000F\000s}{subsubsection*.11}% 22
\BOOKMARK [4][-]{paragraph*.13}{\376\377\000S\000a\000m\000p\000l\000i\000n\000g\000\040\000S\000p\000e\000c\000i\000f\000i\000c\000a\000t\000i\000o\000n\000s\000\040\000u\000s\000i\000n\000g\000\040\000E\000O\000F\000\040\000C\000o\000e\000f\000f\000i\000c\000i\000e\000n\000t\000\040\000D\000i\000s\000t\000r\000i\000b\000u\000t\000i\000o\000n\000s}{subsubsection*.11}% 23
\BOOKMARK [4][-]{paragraph*.14}{\376\377\000P\000e\000r\000t\000u\000r\000b\000i\000n\000g\000\040\000S\000p\000e\000c\000i\000f\000i\000c\000a\000t\000i\000o\000n\000s\000\040\000t\000o\000\040\000A\000c\000c\000o\000u\000n\000t\000\040\000f\000o\000r\000\040\000U\000n\000c\000e\000r\000t\000a\000i\000n\000t\000y}{subsubsection*.11}% 24
\BOOKMARK [4][-]{paragraph*.15}{\376\377\000C\000o\000m\000m\000a\000n\000d\000\040\000L\000i\000n\000e\000\040\000i\000n\000t\000e\000r\000f\000a\000c\000e}{subsubsection*.11}% 25
\BOOKMARK [3][-]{subsubsection*.16}{\376\377\000P\000r\000o\000p\000a\000g\000a\000t\000i\000o\000n\000\040\000S\000t\000a\000t\000i\000s\000t\000i\000c\000s}{subsection.1.3.4}% 26
\BOOKMARK [4][-]{paragraph*.17}{\376\377\000P\000a\000t\000h\000\040\000G\000e\000o\000m\000e\000t\000r\000y\000\040\000M\000o\000d\000e\000l\000s\000\040\000\050\000P\000G\000M\000s\000\051}{subsubsection*.16}% 27
\BOOKMARK [4][-]{paragraph*.18}{\376\377\000T\000r\000a\000n\000s\000m\000i\000s\000s\000i\000o\000n\000\040\000L\000o\000s\000s\000\040\000M\000o\000d\000e\000l\000s\000\040\000\050\000T\000L\000M\000s\000\051}{subsubsection*.16}% 28
\BOOKMARK [3][-]{subsubsection*.19}{\376\377\000G\000r\000a\000v\000i\000t\000y\000\040\000W\000a\000v\000e\000\040\000P\000e\000r\000t\000u\000r\000b\000a\000t\000i\000o\000n\000s}{subsection.1.3.4}% 29
\BOOKMARK [4][-]{paragraph*.20}{\376\377\000F\000r\000e\000e\000l\000y\000\040\000P\000r\000o\000p\000a\000g\000a\000t\000i\000o\000n\000\040\000a\000n\000d\000\040\000T\000r\000a\000p\000p\000e\000d\000\040\000G\000r\000a\000v\000i\000t\000y\000\040\000W\000a\000v\000e\000s}{subsubsection*.19}% 30
\BOOKMARK [4][-]{paragraph*.21}{\376\377\000D\000a\000m\000p\000i\000n\000g\000,\000\040\000S\000o\000u\000r\000c\000e\000\040\000a\000n\000d\000\040\000S\000a\000t\000u\000r\000a\000t\000i\000o\000n\000\040\000S\000p\000e\000c\000t\000r\000a\000,\000\040\000a\000n\000d\000\040\000C\000r\000i\000t\000i\000c\000a\000l\000\040\000L\000a\000y\000e\000r\000s}{subsubsection*.19}% 31
\BOOKMARK [4][-]{paragraph*.22}{\376\377\000G\000r\000a\000v\000i\000t\000y\000\040\000W\000a\000v\000e\000\040\000i\000m\000p\000l\000e\000m\000e\000n\000t\000a\000t\000i\000o\000n\000\040\000i\000n\000\040\000s\000t\000o\000c\000h\000p\000r\000o\000p}{subsubsection*.19}% 32
\BOOKMARK [1][-]{section.1.4}{\376\377\000A\000P\000I}{chapter.1}% 33
\BOOKMARK [2][-]{subsection.1.4.1}{\376\377\000E\000m\000p\000i\000r\000i\000c\000a\000l\000\040\000O\000r\000t\000h\000o\000g\000o\000n\000a\000l\000\040\000F\000u\000n\000c\000t\000i\000o\000n\000\040\000A\000n\000a\000l\000y\000s\000i\000s}{section.1.4}% 34
\BOOKMARK [2][-]{subsection.1.4.2}{\376\377\000P\000r\000o\000p\000a\000g\000a\000t\000i\000o\000n\000\040\000S\000t\000a\000t\000i\000s\000t\000i\000c\000s}{section.1.4}% 35
\BOOKMARK [2][-]{subsection.1.4.3}{\376\377\000G\000r\000a\000v\000i\000t\000y\000\040\000W\000a\000v\000e\000\040\000P\000e\000r\000t\000u\000r\000b\000a\000t\000i\000o\000n\000\040\000A\000n\000a\000l\000y\000s\000i\000s}{section.1.4}% 36
\BOOKMARK [1][-]{section.1.5}{\376\377\000R\000e\000f\000e\000r\000e\000n\000c\000e\000s\000\040\000a\000n\000d\000\040\000C\000i\000t\000i\000n\000g\000\040\000U\000s\000a\000g\000e}{chapter.1}% 37
\BOOKMARK [0][-]{section*.65}{\376\377\000P\000y\000t\000h\000o\000n\000\040\000M\000o\000d\000u\000l\000e\000\040\000I\000n\000d\000e\000x}{}% 38
\BOOKMARK [0][-]{section*.66}{\376\377\000I\000n\000d\000e\000x}{}% 39
